<?xml version="1.0" encoding="UTF-8"?>
<!-- Generated by org.testng.reporters.JUnitReportReporter -->
<testsuite hostname="LAPTOP-DIJISBJ8" failures="0" tests="1" name="Test_Runner.LogInTest_TestNG_Runner" time="10.718" errors="0" timestamp="2023-01-16T20:34:35 IST" skipped="0">
  <testcase classname="Test_Runner.LogInTest_TestNG_Runner" name="LogINTestRunner2" time="10.718"/>
  <system-out/>
</testsuite> <!-- Test_Runner.LogInTest_TestNG_Runner -->
