<?xml version="1.0" encoding="UTF-8"?>
<!-- Generated by org.testng.reporters.JUnitReportReporter -->
<testsuite hostname="LAPTOP-DIJISBJ8" failures="0" tests="1" name="Test_Runner.LoginPageTest" time="15.343" errors="0" timestamp="2023-01-14T19:48:19 IST" skipped="0">
  <testcase classname="Test_Runner.LoginPageTest" name="main" time="15.343"/>
  <system-out/>
</testsuite> <!-- Test_Runner.LoginPageTest -->
